[23 Maio 13:49:23] AdmCmd: O Administrador YurS curou o Chris Kyle.
[23 Maio 13:49:23] AdmCmd: O Administrador YurS curou o Chris Kyle.
[23 Maio 13:49:54] AdmCmd: Yuri Braga setou a vida de Yuri Braga para 160.0000.
[23 Maio 13:51:30] AdmCmd: O administrador YurS setou uma M4 para Yuri Braga.
[23 Maio 13:51:30] AdmCmd: O administrador YurS setou uma M4 para Yuri Braga.
[23 Maio 13:51:37] AdmCmd: Yuri Braga setou a vida de Chris Kyle para 160.0000.
[23 Maio 13:51:37] AdmCmd: Yuri Braga setou a vida de Chris Kyle para 160.0000.
[23 Maio 13:51:42] AdmCmd: Yuri Braga setou a vida de Chris Kyle para 160.0000.
[23 Maio 13:51:42] AdmCmd: Yuri Braga setou a vida de Chris Kyle para 160.0000.
[23 Maio 13:52:1] AdmCmd: O administrador Hoyo setou uma M4 para Chris Kyle.
[23 Maio 13:52:1] AdmCmd: O administrador Hoyo setou uma M4 para Chris Kyle.
[23 Maio 13:52:13] {FF6347}AdmCmd: O administrador Chris Kyle [1] entregou uma 500 balas 5.56mm para Chris Kyle.
[23 Maio 13:52:13] {FF6347}AdmCmd: O administrador Chris Kyle [1] entregou uma 500 balas 5.56mm para Chris Kyle.
[23 Maio 13:52:13] AdmCmd: O administrador YurS setou uma Sniper Rifle para Yuri Braga.
[23 Maio 13:52:13] AdmCmd: O administrador YurS setou uma Sniper Rifle para Yuri Braga.
[23 Maio 13:52:20] {FF6347}AdmCmd: O administrador Yuri Braga [0] entregou uma 100 balas 12.7x106mm para Yuri Braga.
[23 Maio 13:52:20] {FF6347}AdmCmd: O administrador Yuri Braga [0] entregou uma 100 balas 12.7x106mm para Yuri Braga.
[23 Maio 13:52:40] AdmCmd: O Administrador Hoyo curou o Chris Kyle.
[23 Maio 13:52:40] AdmCmd: O Administrador Hoyo curou o Chris Kyle.
[23 Maio 13:52:45] AdmCmd: O Administrador Hoyo curou o Chris Kyle.
[23 Maio 13:52:45] AdmCmd: O Administrador Hoyo curou o Chris Kyle.
[23 Maio 13:53:54] AdmCmd: O Administrador YurS curou o Yuri Braga.
[23 Maio 13:53:54] AdmCmd: O Administrador YurS curou o Yuri Braga.
[23 Maio 13:53:54] AdmCmd: O Administrador Hoyo curou o Chris Kyle.
[23 Maio 13:53:54] AdmCmd: O Administrador Hoyo curou o Chris Kyle.
[23 Maio 13:54:23] AdmCmd: O Administrador YurS curou o Yuri Braga.
[23 Maio 13:54:23] AdmCmd: O Administrador YurS curou o Yuri Braga.
[23 Maio 13:54:37] AdmCmd: O Administrador YurS curou o Yuri Braga.
[23 Maio 13:54:37] AdmCmd: O Administrador YurS curou o Yuri Braga.
[23 Maio 13:55:39] AdmCmd: O Administrador YurS curou o Yuri Braga.
[23 Maio 13:55:39] AdmCmd: O Administrador YurS curou o Yuri Braga.
[23 Maio 13:57:0] AdmCmd: O Administrador Hoyo curou o Chris Kyle.
[23 Maio 13:57:0] AdmCmd: O Administrador Hoyo curou o Chris Kyle.
[23 Maio 13:58:2] AdmCmd: O Administrador Hoyo curou o Chris Kyle.
[23 Maio 13:58:2] AdmCmd: O Administrador Hoyo curou o Chris Kyle.
[23 Maio 13:58:15] AdmCmd: O Administrador Hoyo curou o Chris Kyle.
[23 Maio 13:58:15] AdmCmd: O Administrador Hoyo curou o Chris Kyle.
[23 Maio 13:58:57] AdmCmd: O Administrador YurS consertou o veículo de Yuri Braga [0].
[23 Maio 13:58:57] AdmCmd: O Administrador YurS consertou o veículo de Yuri Braga [0].
[23 Maio 13:59:15] AdmCmd: O Administrador YurS consertou o veículo de Yuri Braga [0].
[23 Maio 13:59:23] AdmCmd: O Administrador YurS consertou o veículo de Yuri Braga [0].
[23 Maio 13:59:27] AdmCmd: O Administrador YurS consertou o veículo de Yuri Braga [0].
[23 Maio 13:59:27] AdmCmd: O Administrador YurS consertou o veículo de Yuri Braga [0].
[23 Maio 14:0:50] AdmCmd: O Administrador YurS curou o Chris Kyle.
[23 Maio 14:0:50] AdmCmd: O Administrador YurS curou o Chris Kyle.
[23 Maio 14:4:48] AdmCmd: O Administrador YurS consertou o veículo de Chris Kyle [1].
[23 Maio 14:4:48] AdmCmd: O Administrador YurS consertou o veículo de Chris Kyle [1].
[23 Maio 14:4:49] AdmCmd: O Administrador YurS consertou o veículo de Yuri Braga [0].
[23 Maio 14:4:49] AdmCmd: O Administrador YurS consertou o veículo de Yuri Braga [0].
[23 Maio 14:4:50] AdmCmd: O Administrador Hoyo consertou o veículo de Chris Kyle [1].
[23 Maio 14:4:50] AdmCmd: O Administrador Hoyo consertou o veículo de Chris Kyle [1].
[23 Maio 14:5:15] AdmWarn: O ANTI-CHEAT detectou que Yuri Braga(0) pode estar de Speed Hack.
[23 Maio 14:5:15] AdmWarn: O ANTI-CHEAT detectou que Yuri Braga(0) pode estar de Speed Hack.
[23 Maio 14:5:23] AdmWarn: O ANTI-CHEAT detectou que Yuri Braga(0) pode estar de Speed Hack.
[23 Maio 14:5:23] AdmWarn: O ANTI-CHEAT detectou que Yuri Braga(0) pode estar de Speed Hack.
[23 Maio 14:5:29] AdmCmd: O Administrador YurS consertou o veículo de Yuri Braga [0].
[23 Maio 14:5:29] AdmCmd: O Administrador YurS consertou o veículo de Yuri Braga [0].
[23 Maio 14:5:31] AdmCmd: O Administrador YurS consertou o veículo de Yuri Braga [0].
[23 Maio 14:5:31] AdmCmd: O Administrador YurS consertou o veículo de Yuri Braga [0].
[23 Maio 14:5:36] AdmWarn: O ANTI-CHEAT detectou que Yuri Braga(0) pode estar de Speed Hack.
[23 Maio 14:5:36] AdmWarn: O ANTI-CHEAT detectou que Yuri Braga(0) pode estar de Speed Hack.
[23 Maio 14:5:41] AdmWarn: O ANTI-CHEAT detectou que Yuri Braga(0) pode estar de Speed Hack.
[23 Maio 14:5:41] AdmWarn: O ANTI-CHEAT detectou que Yuri Braga(0) pode estar de Speed Hack.
[23 Maio 14:5:43] AdmCmd: O Administrador YurS consertou o veículo de Yuri Braga [0].
[23 Maio 14:5:43] AdmCmd: O Administrador YurS consertou o veículo de Yuri Braga [0].
[23 Maio 14:5:50] AdmWarn: O ANTI-CHEAT detectou que Yuri Braga(0) pode estar de Speed Hack.
[23 Maio 14:5:50] AdmWarn: O ANTI-CHEAT detectou que Yuri Braga(0) pode estar de Speed Hack.
[23 Maio 14:5:50] AdmWarn: O ANTI-CHEAT detectou que Chris Kyle(1) pode estar de Speed Hack.
[23 Maio 14:5:50] AdmWarn: O ANTI-CHEAT detectou que Chris Kyle(1) pode estar de Speed Hack.
[23 Maio 14:7:57] AdmCmd: O Administrador YurS consertou o veículo de Yuri Braga [0].
[23 Maio 14:7:57] AdmCmd: O Administrador YurS consertou o veículo de Yuri Braga [0].
[23 Maio 14:8:15] AdmCmd: O Administrador Hoyo curou o Chris Kyle.
[23 Maio 14:8:15] AdmCmd: O Administrador Hoyo curou o Chris Kyle.
[23 Maio 14:10:14] AdmCmd: O Administrador YurS curou o Yuri Braga.
[23 Maio 14:10:14] AdmCmd: O Administrador YurS curou o Yuri Braga.
[23 Maio 14:17:37] AdmCmd: O Administrador YurS curou o Yuri Braga.
[23 Maio 14:17:37] AdmCmd: O Administrador YurS curou o Yuri Braga.
[23 Maio 14:18:6] AdmCmd: O Administrador YurS curou o Yuri Braga.
[23 Maio 14:18:6] AdmCmd: O Administrador YurS curou o Yuri Braga.
[23 Maio 14:18:29] AdmCmd: O Administrador YurS consertou o veículo de Yuri Braga [0].
[23 Maio 14:18:51] AdmCmd: O Administrador YurS curou o Yuri Braga.
[23 Maio 14:19:0] AdmCmd: O Administrador YurS curou o Yuri Braga.
[23 Maio 14:19:12] AdmCmd: O Administrador YurS consertou o veículo de Yuri Braga [0].
[23 Maio 14:22:53] AdmCmd: O Administrador YurS curou o Chris Kyle.
[23 Maio 14:22:53] AdmCmd: O Administrador YurS curou o Chris Kyle.
[23 Maio 14:23:24] AdmCmd: O Administrador Hoyo curou o Chris Kyle.
[23 Maio 14:23:24] AdmCmd: O Administrador Hoyo curou o Chris Kyle.
[23 Maio 14:23:28] AdmCmd: O Administrador YurS curou o Chris Kyle.
[23 Maio 14:23:28] AdmCmd: O Administrador YurS curou o Chris Kyle.
[23 Maio 14:28:51] AdmCmd: O Administrador Hoyo consertou o veículo de Yuri Braga [0].
[23 Maio 14:28:51] AdmCmd: O Administrador Hoyo consertou o veículo de Yuri Braga [0].
[23 Maio 14:28:52] AdmCmd: O Administrador Hoyo consertou o veículo de Chris Kyle [1].
[23 Maio 14:28:52] AdmCmd: O Administrador Hoyo consertou o veículo de Chris Kyle [1].
[23 Maio 14:32:34] AdmCmd: O Administrador YurS curou o Yuri Braga.
[23 Maio 14:32:34] AdmCmd: O Administrador YurS curou o Yuri Braga.
[23 Maio 14:33:12] AdmCmd: O Administrador Hoyo curou o Chris Kyle.
[23 Maio 14:33:12] AdmCmd: O Administrador Hoyo curou o Chris Kyle.
[23 Maio 14:36:2] AdmCmd: O Administrador YurS consertou o veículo de Yuri Braga [0].
[23 Maio 14:36:2] AdmCmd: O Administrador YurS consertou o veículo de Yuri Braga [0].
[23 Maio 14:36:3] AdmCmd: O Administrador Hoyo consertou o veículo de Yuri Braga [0].
[23 Maio 14:36:3] AdmCmd: O Administrador Hoyo consertou o veículo de Yuri Braga [0].
[23 Maio 14:36:4] AdmCmd: O Administrador Hoyo consertou o veículo de Chris Kyle [1].
[23 Maio 14:36:4] AdmCmd: O Administrador Hoyo consertou o veículo de Chris Kyle [1].
[23 Maio 14:38:37] AdmCmd: O Administrador Hoyo consertou o veículo de Yuri Braga [0].
[23 Maio 14:38:37] AdmCmd: O Administrador Hoyo consertou o veículo de Yuri Braga [0].
[23 Maio 14:38:38] AdmCmd: O Administrador Hoyo consertou o veículo de Chris Kyle [1].
[23 Maio 14:38:38] AdmCmd: O Administrador Hoyo consertou o veículo de Chris Kyle [1].
[23 Maio 14:39:13] AdmCmd: O Administrador Hoyo consertou o veículo de Chris Kyle [1].
[23 Maio 14:39:13] AdmCmd: O Administrador Hoyo consertou o veículo de Chris Kyle [1].
[23 Maio 14:39:47] AdmCmd: O Administrador YurS consertou o veículo de Yuri Braga [0].
[23 Maio 14:39:47] AdmCmd: O Administrador YurS consertou o veículo de Yuri Braga [0].
[23 Maio 14:41:29] AdmCmd: O Administrador YurS consertou o veículo de Yuri Braga [0].
[23 Maio 14:41:29] AdmCmd: O Administrador YurS consertou o veículo de Yuri Braga [0].
[23 Maio 14:41:39] AdmCmd: O Administrador YurS curou o Yuri Braga.
[23 Maio 14:41:39] AdmCmd: O Administrador YurS curou o Yuri Braga.
[23 Maio 14:41:43] AdmCmd: O Administrador Hoyo curou o Chris Kyle.
[23 Maio 14:41:43] AdmCmd: O Administrador Hoyo curou o Chris Kyle.
[23 Maio 14:41:48] AdmCmd: O Administrador Hoyo curou o Chris Kyle.
[23 Maio 14:41:48] AdmCmd: O Administrador Hoyo curou o Chris Kyle.
[23 Maio 14:42:35] AdmCmd: O Administrador YurS curou o Yuri Braga.
[23 Maio 14:42:35] AdmCmd: O Administrador YurS curou o Yuri Braga.
[23 Maio 14:42:49] AdmCmd: O Administrador Hoyo curou o Chris Kyle.
[23 Maio 14:42:49] AdmCmd: O Administrador Hoyo curou o Chris Kyle.
[23 Maio 14:43:2] AdmCmd: O Administrador YurS curou o Yuri Braga.
[23 Maio 14:43:2] AdmCmd: O Administrador YurS curou o Yuri Braga.
[23 Maio 14:43:4] AdmCmd: O Administrador Hoyo curou o Chris Kyle.
[23 Maio 14:43:4] AdmCmd: O Administrador Hoyo curou o Chris Kyle.
[23 Maio 14:43:5] AdmCmd: O Administrador Hoyo curou o Chris Kyle.
[23 Maio 14:43:5] AdmCmd: O Administrador Hoyo curou o Chris Kyle.
[23 Maio 14:43:7] AdmCmd: O Administrador Hoyo curou o Chris Kyle.
[23 Maio 14:43:7] AdmCmd: O Administrador Hoyo curou o Chris Kyle.
[23 Maio 14:43:10] AdmCmd: O Administrador Hoyo curou o Chris Kyle.
[23 Maio 14:43:10] AdmCmd: O Administrador Hoyo curou o Chris Kyle.
[23 Maio 14:43:13] AdmCmd: O Administrador YurS curou o Yuri Braga.
[23 Maio 14:43:13] AdmCmd: O Administrador YurS curou o Yuri Braga.
[23 Maio 14:43:14] AdmCmd: O Administrador Hoyo curou o Chris Kyle.
[23 Maio 14:43:14] AdmCmd: O Administrador Hoyo curou o Chris Kyle.
[23 Maio 14:43:17] AdmCmd: O Administrador Hoyo curou o Chris Kyle.
[23 Maio 14:43:17] AdmCmd: O Administrador Hoyo curou o Chris Kyle.
[23 Maio 14:43:17] AdmCmd: O Administrador YurS curou o Yuri Braga.
[23 Maio 14:43:17] AdmCmd: O Administrador YurS curou o Yuri Braga.
[23 Maio 14:43:25] {FF6347}AdmCmd: O administrador Yuri Braga [0] entregou uma 5000 balas 5.56mm para Yuri Braga.
[23 Maio 14:43:25] {FF6347}AdmCmd: O administrador Yuri Braga [0] entregou uma 5000 balas 5.56mm para Yuri Braga.
[23 Maio 14:43:29] AdmCmd: O Administrador YurS curou o Yuri Braga.
[23 Maio 14:43:29] AdmCmd: O Administrador YurS curou o Yuri Braga.
[23 Maio 14:43:38] AdmCmd: O Administrador Hoyo curou o Chris Kyle.
[23 Maio 14:43:38] AdmCmd: O Administrador Hoyo curou o Chris Kyle.
[23 Maio 14:43:42] AdmCmd: O Administrador Hoyo curou o Chris Kyle.
[23 Maio 14:43:42] AdmCmd: O Administrador Hoyo curou o Chris Kyle.
[23 Maio 14:43:50] AdmCmd: O Administrador Hoyo curou o Yuri Braga.
[23 Maio 14:43:50] AdmCmd: O Administrador Hoyo curou o Yuri Braga.
[23 Maio 14:43:51] AdmCmd: O Administrador Hoyo curou o Chris Kyle.
[23 Maio 14:43:51] AdmCmd: O Administrador Hoyo curou o Chris Kyle.
[23 Maio 14:44:13] AdmCmd: O Administrador YurS curou o Yuri Braga.
[23 Maio 14:44:13] AdmCmd: O Administrador YurS curou o Yuri Braga.
[23 Maio 14:44:31] AdmCmd: O Administrador Hoyo curou o Chris Kyle.
[23 Maio 14:44:31] AdmCmd: O Administrador Hoyo curou o Chris Kyle.
[23 Maio 14:50:34] AdmCmd: O Administrador YurS curou o Chris Kyle.
[23 Maio 14:50:34] AdmCmd: O Administrador YurS curou o Chris Kyle.
[23 Maio 14:50:36] AdmCmd: O Administrador YurS curou o Yuri Braga.
[23 Maio 14:50:36] AdmCmd: O Administrador YurS curou o Yuri Braga.
[23 Maio 14:50:47] AdmCmd: O Administrador Hoyo curou o Chris Kyle.
[23 Maio 14:50:47] AdmCmd: O Administrador Hoyo curou o Chris Kyle.
[23 Maio 14:50:49] AdmCmd: O Administrador Hoyo curou o Chris Kyle.
[23 Maio 14:50:49] AdmCmd: O Administrador Hoyo curou o Chris Kyle.
[23 Maio 15:6:13] AdmCmd: O Administrador YurS curou o Yuri Braga.
[23 Maio 15:6:13] AdmCmd: O Administrador YurS curou o Yuri Braga.
[23 Maio 15:6:15] AdmCmd: O Administrador YurS curou o Chris Kyle.
[23 Maio 15:6:15] AdmCmd: O Administrador YurS curou o Chris Kyle.
[23 Maio 15:7:29] AdmCmd: O Administrador Hoyo curou o Yuri Braga.
[23 Maio 15:7:29] AdmCmd: O Administrador Hoyo curou o Yuri Braga.
[23 Maio 15:7:30] AdmCmd: O Administrador Hoyo curou o Chris Kyle.
[23 Maio 15:7:30] AdmCmd: O Administrador Hoyo curou o Chris Kyle.
[23 Maio 15:8:19] AdmCmd: O Administrador YurS consertou o veículo de Yuri Braga [0].
[23 Maio 15:8:19] AdmCmd: O Administrador YurS consertou o veículo de Yuri Braga [0].
[23 Maio 15:8:20] AdmCmd: O Administrador YurS consertou o veículo de Yuri Braga [0].
[23 Maio 15:8:20] AdmCmd: O Administrador YurS consertou o veículo de Yuri Braga [0].
[23 Maio 15:10:7] AdmCmd: Yuri Braga setou a vida de Yuri Braga para 160.0000.
[23 Maio 15:13:53] AdmCmd: O Administrador YurS curou o Yuri Braga.
[23 Maio 15:13:53] AdmCmd: O Administrador YurS curou o Yuri Braga.
[23 Maio 15:15:17] AdmCmd: O Administrador Hoyo curou o Chris Kyle.
[23 Maio 15:15:17] AdmCmd: O Administrador Hoyo curou o Chris Kyle.
[23 Maio 15:15:27] AdmCmd: O Administrador Hoyo consertou o veículo de Chris Kyle [1].
[23 Maio 15:15:27] AdmCmd: O Administrador Hoyo consertou o veículo de Chris Kyle [1].
[23 Maio 15:16:54] AdmCmd: O Administrador YurS curou o Yuri Braga.
[23 Maio 15:16:54] AdmCmd: O Administrador YurS curou o Yuri Braga.
[23 Maio 15:19:30] AdmCmd: O Administrador Hoyo consertou o veículo de Chris Kyle [1].
[23 Maio 15:19:30] AdmCmd: O Administrador Hoyo consertou o veículo de Chris Kyle [1].
[23 Maio 15:19:57] AdmCmd: O Administrador Hoyo consertou o veículo de Chris Kyle [1].
[23 Maio 15:19:57] AdmCmd: O Administrador Hoyo consertou o veículo de Chris Kyle [1].
[23 Maio 15:20:14] AdmCmd: O Administrador Hoyo curou o Chris Kyle.
[23 Maio 15:20:14] AdmCmd: O Administrador Hoyo curou o Chris Kyle.
[23 Maio 15:20:38] AdmCmd: O Administrador YurS curou o Yuri Braga.
[23 Maio 15:20:38] AdmCmd: O Administrador YurS curou o Yuri Braga.
[23 Maio 15:20:38] AdmCmd: O Administrador YurS curou o Chris Kyle.
[23 Maio 15:20:38] AdmCmd: O Administrador YurS curou o Chris Kyle.
[23 Maio 15:21:17] AdmCmd: O Administrador YurS curou o Yuri Braga.
[23 Maio 15:21:17] AdmCmd: O Administrador YurS curou o Yuri Braga.
[23 Maio 15:21:21] AdmCmd: O Administrador Hoyo curou o Chris Kyle.
[23 Maio 15:21:21] AdmCmd: O Administrador Hoyo curou o Chris Kyle.
[23 Maio 15:21:35] AdmCmd: O Administrador YurS curou o Yuri Braga.
[23 Maio 15:21:35] AdmCmd: O Administrador YurS curou o Yuri Braga.
[23 Maio 15:21:37] AdmCmd: O Administrador Hoyo curou o Chris Kyle.
[23 Maio 15:21:37] AdmCmd: O Administrador Hoyo curou o Chris Kyle.
[23 Maio 15:21:56] AdmCmd: O Administrador YurS curou o Yuri Braga.
[23 Maio 15:21:56] AdmCmd: O Administrador YurS curou o Yuri Braga.
[23 Maio 15:23:59] AdmCmd: O Administrador Hoyo curou o Chris Kyle.
[23 Maio 15:23:59] AdmCmd: O Administrador Hoyo curou o Chris Kyle.
[23 Maio 15:24:8] {FF6347}AdmCmd: O administrador Chris Kyle [1] entregou uma 500 balas 5.56mm para Chris Kyle.
[23 Maio 15:24:8] {FF6347}AdmCmd: O administrador Chris Kyle [1] entregou uma 500 balas 5.56mm para Chris Kyle.
[23 Maio 15:24:10] AdmCmd: O Administrador Hoyo curou o Chris Kyle.
[23 Maio 15:24:10] AdmCmd: O Administrador Hoyo curou o Chris Kyle.
[23 Maio 15:24:18] {FF6347}AdmCmd: O administrador Chris Kyle [1] entregou uma 500 balas 5.56mm para Chris Kyle.
[23 Maio 15:24:18] {FF6347}AdmCmd: O administrador Chris Kyle [1] entregou uma 500 balas 5.56mm para Chris Kyle.
[23 Maio 15:24:20] AdmCmd: O Administrador Hoyo curou o Chris Kyle.
[23 Maio 15:24:20] AdmCmd: O Administrador Hoyo curou o Chris Kyle.
[23 Maio 15:24:24] AdmCmd: O Administrador Hoyo curou o Chris Kyle.
[23 Maio 15:24:24] AdmCmd: O Administrador Hoyo curou o Chris Kyle.
[23 Maio 15:24:29] AdmCmd: O Administrador Hoyo curou o Chris Kyle.
[23 Maio 15:24:29] AdmCmd: O Administrador Hoyo curou o Chris Kyle.
[23 Maio 15:24:37] AdmCmd: O Administrador Hoyo curou o Chris Kyle.
[23 Maio 15:24:37] AdmCmd: O Administrador Hoyo curou o Chris Kyle.
[23 Maio 15:24:51] AdmCmd: O Administrador Hoyo curou o Chris Kyle.
[23 Maio 15:24:51] AdmCmd: O Administrador Hoyo curou o Chris Kyle.
[23 Maio 15:24:53] AdmCmd: O Administrador Hoyo curou o Chris Kyle.
[23 Maio 15:24:53] AdmCmd: O Administrador Hoyo curou o Chris Kyle.
[23 Maio 15:26:8] AdmCmd: O Administrador Hoyo curou o Chris Kyle.
[23 Maio 15:26:8] AdmCmd: O Administrador Hoyo curou o Chris Kyle.
[23 Maio 15:26:30] AdmCmd: Yuri Braga setou a vida de Yuri Braga para 160.0000.
[23 Maio 15:26:30] AdmCmd: Yuri Braga setou a vida de Yuri Braga para 160.0000.
[23 Maio 15:26:48] AdmCmd: O Administrador Hoyo curou o Chris Kyle.
[23 Maio 15:26:48] AdmCmd: O Administrador Hoyo curou o Chris Kyle.
[23 Maio 15:26:56] AdmCmd: O Administrador Hoyo curou o Chris Kyle.
[23 Maio 15:26:56] AdmCmd: O Administrador Hoyo curou o Chris Kyle.
[23 Maio 15:27:6] AdmCmd: O Administrador Hoyo curou o Chris Kyle.
[23 Maio 15:27:6] AdmCmd: O Administrador Hoyo curou o Chris Kyle.
[23 Maio 15:28:1] AdmCmd: O Administrador YurS curou o Yuri Braga.
[23 Maio 15:28:1] AdmCmd: O Administrador YurS curou o Yuri Braga.
[23 Maio 15:28:10] AdmCmd: O Administrador YurS curou o Yuri Braga.
[23 Maio 15:28:10] AdmCmd: O Administrador YurS curou o Yuri Braga.
[23 Maio 15:28:19] AdmCmd: O Administrador Hoyo curou o Chris Kyle.
[23 Maio 15:28:19] AdmCmd: O Administrador Hoyo curou o Chris Kyle.
[23 Maio 15:28:43] AdmCmd: O administrador YurS setou uma Sniper Rifle para Yuri Braga.
[23 Maio 15:28:43] AdmCmd: O administrador YurS setou uma Sniper Rifle para Yuri Braga.
[23 Maio 15:29:20] AdmCmd: O Administrador YurS curou o Yuri Braga.
[23 Maio 15:29:20] AdmCmd: O Administrador YurS curou o Yuri Braga.
[23 Maio 15:29:57] AdmCmd: O Administrador Hoyo curou o Chris Kyle.
[23 Maio 15:29:57] AdmCmd: O Administrador Hoyo curou o Chris Kyle.
[23 Maio 15:30:2] AdmCmd: O Administrador Hoyo curou o Chris Kyle.
[23 Maio 15:30:2] AdmCmd: O Administrador Hoyo curou o Chris Kyle.
[23 Maio 15:30:54] AdmCmd: O Administrador Hoyo curou o Chris Kyle.
[23 Maio 15:30:54] AdmCmd: O Administrador Hoyo curou o Chris Kyle.
[23 Maio 15:31:30] AdmCmd: O Administrador Hoyo curou o Chris Kyle.
[23 Maio 15:31:30] AdmCmd: O Administrador Hoyo curou o Chris Kyle.
