[1 Julho 14:20:11] *Manager James Salada (chockyto): ,
[1 Julho 14:20:11] *Manager James Salada (chockyto): ,
[1 Julho 14:20:11] *Manager James Salada (chockyto): ,
[1 Julho 14:20:19] *Manager James Salada (chockyto): algum cmd pra ir pro deserto?
[1 Julho 14:20:19] *Manager James Salada (chockyto): algum cmd pra ir pro deserto?
[1 Julho 14:20:19] *Manager James Salada (chockyto): algum cmd pra ir pro deserto?
[1 Julho 14:20:28] *Manager Jason Hayes (NULL): AINDA N
[1 Julho 14:20:28] *Manager Jason Hayes (NULL): AINDA N
[1 Julho 14:20:28] *Manager Jason Hayes (NULL): AINDA N
[1 Julho 14:21:57] AdmCmd: O Administrador NULL consertou o veículo de Jason Hayes [2].
[1 Julho 14:21:57] AdmCmd: O Administrador NULL consertou o veículo de Jason Hayes [2].
[1 Julho 14:21:57] AdmCmd: O Administrador NULL consertou o veículo de Jason Hayes [2].
[1 Julho 14:22:9] *Manager James Salada (chockyto): kd a base americana?
[1 Julho 14:22:9] *Manager James Salada (chockyto): kd a base americana?
[1 Julho 14:22:9] *Manager James Salada (chockyto): kd a base americana?
[1 Julho 14:22:19] *Manager Jason Hayes (NULL): vc n me mando
[1 Julho 14:22:19] *Manager Jason Hayes (NULL): vc n me mando
[1 Julho 14:22:19] *Manager Jason Hayes (NULL): vc n me mando
[1 Julho 14:22:24] *Manager James Salada (chockyto): n?
[1 Julho 14:22:24] *Manager James Salada (chockyto): n?
[1 Julho 14:22:24] *Manager James Salada (chockyto): n?
[1 Julho 14:22:26] *Manager James Salada (chockyto): pqp
[1 Julho 14:22:26] *Manager James Salada (chockyto): pqp
[1 Julho 14:22:26] *Manager James Salada (chockyto): pqp
[1 Julho 14:22:29] *Manager Jason Hayes (NULL): n
[1 Julho 14:22:29] *Manager Jason Hayes (NULL): n
[1 Julho 14:22:29] *Manager Jason Hayes (NULL): n
[1 Julho 14:22:37] *Manager James Salada (chockyto): da /ir agr
[1 Julho 14:22:37] *Manager James Salada (chockyto): da /ir agr
[1 Julho 14:22:37] *Manager James Salada (chockyto): da /ir agr
[1 Julho 14:23:39] *Manager James Salada (chockyto): tem skin já?
[1 Julho 14:23:39] *Manager James Salada (chockyto): tem skin já?
[1 Julho 14:23:39] *Manager James Salada (chockyto): tem skin já?
[1 Julho 14:23:44] *Manager Jason Hayes (NULL): 20001 pra cima
[1 Julho 14:23:44] *Manager Jason Hayes (NULL): 20001 pra cima
[1 Julho 14:23:44] *Manager Jason Hayes (NULL): 20001 pra cima
