[2 Junho 9:56:48] AdmCmd: O administrador YurS setou o status de doador ouro à Yuri Braga até 05/06/2023 às 09:56:48.
[4 Junho 22:49:7] AdmCmd: O administrador meupau setou uma M4 para Gabriel Monteiro.
[4 Junho 22:49:7] AdmCmd: O administrador meupau setou uma M4 para Gabriel Monteiro.
[4 Junho 22:49:14] AdmCmd: O administrador Gabriel Monteiro [1] entregou uma 500 balas de 9mm para .
[4 Junho 22:49:14] AdmCmd: O administrador Gabriel Monteiro [1] entregou uma 500 balas de 9mm para .
[4 Junho 22:49:22] AdmCmd: O administrador Gabriel Monteiro [1] entregou uma 500 balas de 9mm para .
[4 Junho 22:49:22] AdmCmd: O administrador Gabriel Monteiro [1] entregou uma 500 balas de 9mm para .
[4 Junho 22:49:29] {FF6347}AdmCmd: O administrador Gabriel Monteiro [1] entregou uma 500 balas 5.56mm para .
[4 Junho 22:49:29] {FF6347}AdmCmd: O administrador Gabriel Monteiro [1] entregou uma 500 balas 5.56mm para .
[4 Junho 22:49:34] {FF6347}AdmCmd: O administrador Gabriel Monteiro [1] entregou uma 500 balas 5.56mm para Gabriel Monteiro.
[4 Junho 22:49:34] {FF6347}AdmCmd: O administrador Gabriel Monteiro [1] entregou uma 500 balas 5.56mm para Gabriel Monteiro.
[4 Junho 22:55:13] *Manager Yuri Braga (YurS): vem aq nathan
[4 Junho 22:55:13] *Manager Yuri Braga (YurS): vem aq nathan
[4 Junho 22:55:27] *Manager Yuri Braga (YurS): fica aq junto do saleiro
[4 Junho 22:56:13] AdmCmd: Yuri Braga setou a vida de Yuri Braga para 160.0000.
[4 Junho 22:56:13] AdmCmd: Yuri Braga setou a vida de Yuri Braga para 160.0000.
[4 Junho 22:57:59] AdmCmd: Yuri Braga setou a vida de Yuri Braga para 100.0000.
[4 Junho 22:57:59] AdmCmd: Yuri Braga setou a vida de Yuri Braga para 100.0000.
[4 Junho 22:57:59] AdmCmd: Yuri Braga setou a vida de Yuri Braga para 100.0000.
[4 Junho 22:58:30] AdmCmd: Yuri Braga setou a vida de Yuri Braga para 160.0000.
[4 Junho 22:58:30] AdmCmd: Yuri Braga setou a vida de Yuri Braga para 160.0000.
[4 Junho 22:58:30] AdmCmd: Yuri Braga setou a vida de Yuri Braga para 160.0000.
[4 Junho 22:58:32] AdmCmd: Yuri Braga setou a vida de Gabriel Monteiro para 160.0000.
[4 Junho 22:58:32] AdmCmd: Yuri Braga setou a vida de Gabriel Monteiro para 160.0000.
[4 Junho 22:58:32] AdmCmd: Yuri Braga setou a vida de Gabriel Monteiro para 160.0000.
[4 Junho 22:58:34] AdmCmd: Yuri Braga setou a vida de Mac Miller para 160.0000.
[4 Junho 22:58:34] AdmCmd: Yuri Braga setou a vida de Mac Miller para 160.0000.
[4 Junho 22:58:34] AdmCmd: Yuri Braga setou a vida de Mac Miller para 160.0000.
[4 Junho 22:59:39] AdmCmd: O Administrador YurS curou o Mac Miller.
[4 Junho 22:59:39] AdmCmd: O Administrador YurS curou o Mac Miller.
[4 Junho 22:59:39] AdmCmd: O Administrador YurS curou o Mac Miller.
[4 Junho 22:59:42] AdmCmd: O Administrador YurS curou o Gabriel Monteiro.
[4 Junho 22:59:42] AdmCmd: O Administrador YurS curou o Gabriel Monteiro.
[4 Junho 22:59:42] AdmCmd: O Administrador YurS curou o Gabriel Monteiro.
[4 Junho 22:59:53] AdmCmd: O Administrador YurS curou o Yuri Braga.
[4 Junho 22:59:53] AdmCmd: O Administrador YurS curou o Yuri Braga.
[4 Junho 22:59:54] AdmCmd: O Administrador YurS curou o Yuri Braga.
[4 Junho 22:59:58] AdmCmd: Yuri Braga setou a vida de Gabriel Monteiro para 160.0000.
[4 Junho 22:59:58] AdmCmd: Yuri Braga setou a vida de Gabriel Monteiro para 160.0000.
[4 Junho 22:59:58] AdmCmd: Yuri Braga setou a vida de Gabriel Monteiro para 160.0000.
[4 Junho 23:0:0] AdmCmd: Yuri Braga setou a vida de Mac Miller para 160.0000.
[4 Junho 23:0:0] AdmCmd: Yuri Braga setou a vida de Mac Miller para 160.0000.
[4 Junho 23:0:0] AdmCmd: Yuri Braga setou a vida de Mac Miller para 160.0000.
[4 Junho 23:0:1] AdmCmd: Yuri Braga setou a vida de Yuri Braga para 160.0000.
[4 Junho 23:0:2] AdmCmd: Yuri Braga setou a vida de Yuri Braga para 160.0000.
[4 Junho 23:0:2] AdmCmd: Yuri Braga setou a vida de Yuri Braga para 160.0000.
[4 Junho 23:7:29] AdmCmd: O Administrador YurS curou o Yuri Braga.
[4 Junho 23:7:29] AdmCmd: O Administrador YurS curou o Yuri Braga.
[4 Junho 23:7:29] AdmCmd: O Administrador YurS curou o Yuri Braga.
[4 Junho 23:9:27] AdmCmd: O Administrador YurS curou o Mac Miller.
[4 Junho 23:9:27] AdmCmd: O Administrador YurS curou o Mac Miller.
[4 Junho 23:9:27] AdmCmd: O Administrador YurS curou o Mac Miller.
[4 Junho 23:9:40] AdmCmd: Yuri Braga setou a vida de Mac Miller para 160.0000.
[4 Junho 23:9:40] AdmCmd: Yuri Braga setou a vida de Mac Miller para 160.0000.
[4 Junho 23:9:40] AdmCmd: Yuri Braga setou a vida de Mac Miller para 160.0000.
[4 Junho 23:9:43] AdmCmd: Yuri Braga setou a vida de Gabriel Monteiro para 160.0000.
[4 Junho 23:9:43] AdmCmd: Yuri Braga setou a vida de Gabriel Monteiro para 160.0000.
[4 Junho 23:9:43] AdmCmd: Yuri Braga setou a vida de Gabriel Monteiro para 160.0000.
[4 Junho 23:9:46] AdmCmd: Yuri Braga setou a vida de Yuri Braga para 160.0000.
[4 Junho 23:9:46] AdmCmd: Yuri Braga setou a vida de Yuri Braga para 160.0000.
[4 Junho 23:9:46] AdmCmd: Yuri Braga setou a vida de Yuri Braga para 160.0000.
[4 Junho 23:13:48] *Manager Yuri Braga (YurS): /ldrone
[4 Junho 23:13:48] *Manager Yuri Braga (YurS): /ldrone
[4 Junho 23:13:48] *Manager Yuri Braga (YurS): /ldrone
[4 Junho 23:13:53] AdmCmd: O Administrador YurS consertou o veículo de Yuri Braga [1].
[4 Junho 23:13:53] AdmCmd: O Administrador YurS consertou o veículo de Yuri Braga [1].
[4 Junho 23:13:53] AdmCmd: O Administrador YurS consertou o veículo de Yuri Braga [1].
[4 Junho 23:14:9] AdmCmd: O Administrador YurS consertou o veículo de Mac Miller [0].
[4 Junho 23:14:9] AdmCmd: O Administrador YurS consertou o veículo de Mac Miller [0].
[4 Junho 23:14:9] AdmCmd: O Administrador YurS consertou o veículo de Mac Miller [0].
[4 Junho 23:14:49] *Manager Yuri Braga (YurS): saleiro
[4 Junho 23:14:49] *Manager Yuri Braga (YurS): saleiro
[4 Junho 23:14:49] *Manager Yuri Braga (YurS): saleiro
[4 Junho 23:14:55] *Manager Yuri Braga (YurS): to vendo teu chat kkkkkkkk
[4 Junho 23:14:55] *Manager Yuri Braga (YurS): to vendo teu chat kkkkkkkk
[4 Junho 23:14:59] *Manager Yuri Braga (YurS): nathan tomou codigo 003
[4 Junho 23:14:59] *Manager Yuri Braga (YurS): nathan tomou codigo 003
[4 Junho 23:15:16] *Manager Yuri Braga (YurS): engraçado é que é so ele
[4 Junho 23:15:16] *Manager Yuri Braga (YurS): engraçado é que é so ele
[4 Junho 23:15:19] *Manager Yuri Braga (YurS): e eu q sou xitado
[4 Junho 23:15:19] *Manager Yuri Braga (YurS): e eu q sou xitado
[4 Junho 23:16:12] AdmCmd: O Administrador YurS consertou o veículo de Yuri Braga [1].
[4 Junho 23:16:12] AdmCmd: O Administrador YurS consertou o veículo de Yuri Braga [1].
[4 Junho 23:16:12] AdmCmd: O Administrador YurS consertou o veículo de Yuri Braga [1].
[4 Junho 23:16:55] AdmCmd: O Administrador YurS curou o Yuri Braga.
[4 Junho 23:16:55] AdmCmd: O Administrador YurS curou o Yuri Braga.
[4 Junho 23:16:55] AdmCmd: O Administrador YurS curou o Yuri Braga.
[4 Junho 23:19:5] AdmCmd: O Administrador YurS curou o Yuri Braga.
[4 Junho 23:19:5] AdmCmd: O Administrador YurS curou o Yuri Braga.
[4 Junho 23:19:5] AdmCmd: O Administrador YurS curou o Yuri Braga.
[4 Junho 23:19:14] AdmCmd: O Administrador Salseiro curou o Mac Miller.
[4 Junho 23:19:14] AdmCmd: O Administrador Salseiro curou o Mac Miller.
[4 Junho 23:19:14] AdmCmd: O Administrador Salseiro curou o Mac Miller.
[4 Junho 23:21:32] AdmCmd: O Administrador YurS curou o Yuri Braga.
[4 Junho 23:22:51] AdmCmd: O Administrador meupau curou o Gabriel Monteiro.
[4 Junho 23:22:51] AdmCmd: O Administrador meupau curou o Gabriel Monteiro.
[4 Junho 23:23:15] AdmCmd: O Administrador meupau curou o Gabriel Monteiro.
[4 Junho 23:23:15] AdmCmd: O Administrador meupau curou o Gabriel Monteiro.
[4 Junho 23:23:15] AdmCmd: O Administrador meupau curou o Gabriel Monteiro.
[4 Junho 23:23:39] AdmCmd: O Administrador meupau curou o Gabriel Monteiro.
[4 Junho 23:23:39] AdmCmd: O Administrador meupau curou o Gabriel Monteiro.
[4 Junho 23:23:39] AdmCmd: O Administrador meupau curou o Gabriel Monteiro.
[4 Junho 23:23:48] AdmCmd: O Administrador meupau curou o Gabriel Monteiro.
[4 Junho 23:23:48] AdmCmd: O Administrador meupau curou o Gabriel Monteiro.
[4 Junho 23:23:48] AdmCmd: O Administrador meupau curou o Gabriel Monteiro.
[4 Junho 23:23:51] AdmCmd: O Administrador YurS curou o Yuri Braga.
[4 Junho 23:23:51] AdmCmd: O Administrador YurS curou o Yuri Braga.
[4 Junho 23:24:34] AdmCmd: O Administrador YurS curou o Yuri Braga.
[4 Junho 23:24:34] AdmCmd: O Administrador YurS curou o Yuri Braga.
[4 Junho 23:24:34] AdmCmd: O Administrador YurS curou o Yuri Braga.
[4 Junho 23:24:50] AdmCmd: O Administrador Salseiro curou o Yuri Braga.
[4 Junho 23:24:50] AdmCmd: O Administrador Salseiro curou o Yuri Braga.
[4 Junho 23:24:50] AdmCmd: O Administrador Salseiro curou o Yuri Braga.
[4 Junho 23:24:56] AdmCmd: O Administrador Salseiro curou o Mac Miller.
[4 Junho 23:24:56] AdmCmd: O Administrador Salseiro curou o Mac Miller.
[4 Junho 23:24:56] AdmCmd: O Administrador Salseiro curou o Mac Miller.
[4 Junho 23:25:1] AdmCmd: O Administrador meupau curou o Gabriel Monteiro.
[4 Junho 23:25:1] AdmCmd: O Administrador meupau curou o Gabriel Monteiro.
[4 Junho 23:25:1] AdmCmd: O Administrador meupau curou o Gabriel Monteiro.
[4 Junho 23:26:33] AdmCmd: O Administrador meupau curou o Gabriel Monteiro.
[4 Junho 23:26:33] AdmCmd: O Administrador meupau curou o Gabriel Monteiro.
[4 Junho 23:26:33] AdmCmd: O Administrador meupau curou o Gabriel Monteiro.
[4 Junho 23:28:5] AdmCmd: O Administrador meupau curou o Gabriel Monteiro.
[4 Junho 23:28:5] AdmCmd: O Administrador meupau curou o Gabriel Monteiro.
[4 Junho 23:28:5] AdmCmd: O Administrador meupau curou o Gabriel Monteiro.
[4 Junho 23:28:23] AdmCmd: O Administrador YurS curou o Yuri Braga.
[4 Junho 23:28:23] AdmCmd: O Administrador YurS curou o Yuri Braga.
[4 Junho 23:28:23] AdmCmd: O Administrador YurS curou o Yuri Braga.
[4 Junho 23:30:5] AdmCmd: O Administrador YurS curou o Yuri Braga.
[4 Junho 23:30:5] AdmCmd: O Administrador YurS curou o Yuri Braga.
[4 Junho 23:30:5] AdmCmd: O Administrador YurS curou o Yuri Braga.
[4 Junho 23:30:9] AdmCmd: O Administrador meupau curou o Gabriel Monteiro.
[4 Junho 23:30:9] AdmCmd: O Administrador meupau curou o Gabriel Monteiro.
[4 Junho 23:30:9] AdmCmd: O Administrador meupau curou o Gabriel Monteiro.
[4 Junho 23:30:12] AdmCmd: O Administrador meupau curou o Gabriel Monteiro.
[4 Junho 23:30:12] AdmCmd: O Administrador meupau curou o Gabriel Monteiro.
[4 Junho 23:30:12] AdmCmd: O Administrador meupau curou o Gabriel Monteiro.
[4 Junho 23:30:13] AdmCmd: O Administrador meupau curou o Gabriel Monteiro.
[4 Junho 23:30:13] AdmCmd: O Administrador meupau curou o Gabriel Monteiro.
[4 Junho 23:30:13] AdmCmd: O Administrador meupau curou o Gabriel Monteiro.
[4 Junho 23:30:15] AdmCmd: O Administrador meupau curou o Gabriel Monteiro.
[4 Junho 23:30:15] AdmCmd: O Administrador meupau curou o Gabriel Monteiro.
[4 Junho 23:30:15] AdmCmd: O Administrador meupau curou o Gabriel Monteiro.
[4 Junho 23:31:39] AdmCmd: O Administrador YurS curou o Mac Miller.
[4 Junho 23:31:39] AdmCmd: O Administrador YurS curou o Mac Miller.
[4 Junho 23:32:39] AdmCmd: O administrador Salseiro setou uma M4 para Mac Miller.
[4 Junho 23:32:39] AdmCmd: O administrador Salseiro setou uma M4 para Mac Miller.
[4 Junho 23:33:0] AdmCmd: O Administrador meupau curou o Gabriel Monteiro.
[4 Junho 23:33:0] AdmCmd: O Administrador meupau curou o Gabriel Monteiro.
[4 Junho 23:33:0] AdmCmd: O Administrador meupau curou o Gabriel Monteiro.
[4 Junho 23:33:21] AdmCmd: O Administrador meupau curou o Mac Miller.
[4 Junho 23:33:21] AdmCmd: O Administrador meupau curou o Mac Miller.
[4 Junho 23:33:21] AdmCmd: O Administrador meupau curou o Mac Miller.
[4 Junho 23:33:22] AdmCmd: O Administrador meupau curou o Yuri Braga.
[4 Junho 23:33:22] AdmCmd: O Administrador meupau curou o Yuri Braga.
[4 Junho 23:33:22] AdmCmd: O Administrador meupau curou o Yuri Braga.
[4 Junho 23:33:29] {FF6347}AdmCmd: O administrador Mac Miller [2] entregou uma 100 balas 5.56mm para Mac Miller.
[4 Junho 23:33:29] {FF6347}AdmCmd: O administrador Mac Miller [2] entregou uma 100 balas 5.56mm para Mac Miller.
[4 Junho 23:33:29] {FF6347}AdmCmd: O administrador Mac Miller [2] entregou uma 100 balas 5.56mm para Mac Miller.
[4 Junho 23:33:30] {FF6347}AdmCmd: O administrador Yuri Braga [0] entregou uma 5000 balas 5.56mm para Mac Miller.
[4 Junho 23:33:30] {FF6347}AdmCmd: O administrador Yuri Braga [0] entregou uma 5000 balas 5.56mm para Mac Miller.
[4 Junho 23:33:30] {FF6347}AdmCmd: O administrador Yuri Braga [0] entregou uma 5000 balas 5.56mm para Mac Miller.
[4 Junho 23:33:36] AdmCmd: O Administrador meupau curou o Gabriel Monteiro.
[4 Junho 23:33:36] AdmCmd: O Administrador meupau curou o Gabriel Monteiro.
[4 Junho 23:33:36] AdmCmd: O Administrador meupau curou o Gabriel Monteiro.
[4 Junho 23:34:57] AdmCmd: O Administrador meupau curou o Gabriel Monteiro.
[4 Junho 23:34:57] AdmCmd: O Administrador meupau curou o Gabriel Monteiro.
[4 Junho 23:34:57] AdmCmd: O Administrador meupau curou o Gabriel Monteiro.
[4 Junho 23:35:6] AdmCmd: O Administrador Salseiro curou o Mac Miller.
[4 Junho 23:35:6] AdmCmd: O Administrador Salseiro curou o Mac Miller.
[4 Junho 23:35:6] AdmCmd: O Administrador Salseiro curou o Mac Miller.
[4 Junho 23:35:15] AdmCmd: O Administrador meupau curou o Gabriel Monteiro.
[4 Junho 23:35:15] AdmCmd: O Administrador meupau curou o Gabriel Monteiro.
[4 Junho 23:35:15] AdmCmd: O Administrador meupau curou o Gabriel Monteiro.
[4 Junho 23:36:26] AdmCmd: O Administrador Salseiro curou o Mac Miller.
[4 Junho 23:36:26] AdmCmd: O Administrador Salseiro curou o Mac Miller.
[4 Junho 23:36:26] AdmCmd: O Administrador Salseiro curou o Mac Miller.
[4 Junho 23:39:47] AdmCmd: O Administrador Salseiro curou o Mac Miller.
[4 Junho 23:39:47] AdmCmd: O Administrador Salseiro curou o Mac Miller.
[4 Junho 23:39:47] AdmCmd: O Administrador Salseiro curou o Mac Miller.
[4 Junho 23:39:53] AdmCmd: O Administrador meupau curou o Gabriel Monteiro.
[4 Junho 23:39:53] AdmCmd: O Administrador meupau curou o Gabriel Monteiro.
[4 Junho 23:39:53] AdmCmd: O Administrador meupau curou o Gabriel Monteiro.
[4 Junho 23:41:24] AdmCmd: O Administrador meupau curou o Mac Miller.
[4 Junho 23:41:24] AdmCmd: O Administrador meupau curou o Mac Miller.
[4 Junho 23:41:24] AdmCmd: O Administrador meupau curou o Mac Miller.
[4 Junho 23:41:25] AdmCmd: O Administrador Salseiro curou o Mac Miller.
[4 Junho 23:41:25] AdmCmd: O Administrador Salseiro curou o Mac Miller.
[4 Junho 23:41:25] AdmCmd: O Administrador Salseiro curou o Mac Miller.
[4 Junho 23:41:53] AdmCmd: O Administrador meupau curou o Gabriel Monteiro.
[4 Junho 23:41:53] AdmCmd: O Administrador meupau curou o Gabriel Monteiro.
[4 Junho 23:41:53] AdmCmd: O Administrador meupau curou o Gabriel Monteiro.
