[4 Junho 22:45:12] Gabriel Monteiro foi até o player Yuri Braga. [/ir]
[4 Junho 22:54:43] Gabriel Monteiro puxou o jogador . [/trazer]
[4 Junho 22:55:0] Gabriel Monteiro observou o player . [/spec]
[4 Junho 22:58:2] Gabriel Monteiro foi até o player Yuri Braga. [/ir]
[4 Junho 23:7:10] Gabriel Monteiro foi até o player Mac Miller. [/ir]
[4 Junho 23:9:10] Gabriel Monteiro foi até o player Mac Miller. [/ir]
[4 Junho 23:9:11] Gabriel Monteiro foi até o player Mac Miller. [/ir]
[4 Junho 23:9:15] Gabriel Monteiro foi até o player Mac Miller. [/ir]
[4 Junho 23:9:16] Gabriel Monteiro foi até o player Mac Miller. [/ir]
[4 Junho 23:10:4] Gabriel Monteiro foi até o player Mac Miller. [/ir]
[4 Junho 23:10:17] Gabriel Monteiro foi até o player Mac Miller. [/ir]
[4 Junho 23:10:18] Gabriel Monteiro foi até o player Mac Miller. [/ir]
[4 Junho 23:13:24] Gabriel Monteiro foi até o player Mac Miller. [/ir]
[4 Junho 23:15:59] Gabriel Monteiro foi até o player Mac Miller. [/ir]
[4 Junho 23:16:1] Gabriel Monteiro foi até o player Mac Miller. [/ir]
[4 Junho 23:16:4] Gabriel Monteiro foi até o player Mac Miller. [/ir]
[4 Junho 23:35:7] Gabriel Monteiro foi até o player Mac Miller. [/ir]
[4 Junho 23:36:7] Gabriel Monteiro foi até o player Yuri Braga. [/ir]
[4 Junho 23:36:13] Gabriel Monteiro foi até o player Gabriel Monteiro. [/ir]
[4 Junho 23:39:35] Gabriel Monteiro foi até o player Mac Miller. [/ir]
[4 Junho 23:52:12] Gabriel Monteiro puxou o jogador Yuri Braga. [/trazer]
[4 Junho 23:52:16] Gabriel Monteiro foi até o player Mac Miller. [/ir]
[4 Junho 23:52:43] Gabriel Monteiro foi até o player Yuri Braga. [/ir]
[4 Junho 23:55:26] Gabriel Monteiro foi até o player Yuri Braga. [/ir]
