[4 Junho 22:54:54] Yuri Braga puxou o jogador Gabriel Monteiro. [/trazer]
[4 Junho 22:55:0] Yuri Braga puxou o jogador . [/trazer]
[4 Junho 22:55:31] Yuri Braga puxou o jogador . [/trazer]
[4 Junho 22:56:13] Yuri Braga setou a vida de Yuri Braga. [/setarvida]
[4 Junho 22:57:40] Yuri Braga puxou o jogador Mac Miller. [/trazer]
[4 Junho 22:57:59] Yuri Braga setou a vida de Yuri Braga. [/setarvida]
[4 Junho 22:58:30] Yuri Braga setou a vida de Yuri Braga. [/setarvida]
[4 Junho 22:58:32] Yuri Braga setou a vida de Gabriel Monteiro. [/setarvida]
[4 Junho 22:58:34] Yuri Braga setou a vida de Mac Miller. [/setarvida]
[4 Junho 22:59:19] Yuri Braga setou o colete de Gabriel Monteiro. [/setarcolete]
[4 Junho 22:59:45] Yuri Braga setou o colete de Mac Miller. [/setarcolete]
[4 Junho 22:59:47] Yuri Braga setou o colete de Gabriel Monteiro. [/setarcolete]
[4 Junho 22:59:51] Yuri Braga setou o colete de Mac Miller. [/setarcolete]
[4 Junho 22:59:58] Yuri Braga setou a vida de Gabriel Monteiro. [/setarvida]
[4 Junho 23:0:0] Yuri Braga setou a vida de Mac Miller. [/setarvida]
[4 Junho 23:0:2] Yuri Braga setou a vida de Yuri Braga. [/setarvida]
[4 Junho 23:5:33] Yuri Braga setou o colete de Mac Miller. [/setarcolete]
[4 Junho 23:5:37] Yuri Braga setou o colete de Yuri Braga. [/setarcolete]
[4 Junho 23:9:14] Yuri Braga foi até o player Mac Miller. [/ir]
[4 Junho 23:9:16] Yuri Braga foi até o player Mac Miller. [/ir]
[4 Junho 23:9:36] Yuri Braga setou o colete de Mac Miller. [/setarcolete]
[4 Junho 23:9:40] Yuri Braga setou a vida de Mac Miller. [/setarvida]
[4 Junho 23:9:43] Yuri Braga setou a vida de Gabriel Monteiro. [/setarvida]
[4 Junho 23:9:46] Yuri Braga setou a vida de Yuri Braga. [/setarvida]
[4 Junho 23:9:50] Yuri Braga setou o colete de Mac Miller. [/setarcolete]
[4 Junho 23:9:53] Yuri Braga setou o colete de Gabriel Monteiro. [/setarcolete]
[4 Junho 23:9:55] Yuri Braga setou o colete de Mac Miller. [/setarcolete]
[4 Junho 23:14:4] Yuri Braga puxou o jogador Mac Miller. [/trazer]
[4 Junho 23:14:6] Yuri Braga puxou o jogador Gabriel Monteiro. [/trazer]
[4 Junho 23:15:4] Yuri Braga puxou o jogador Mac Miller. [/trazer]
[4 Junho 23:16:32] Yuri Braga foi até o player Mac Miller. [/ir]
[4 Junho 23:17:19] Yuri Braga foi até o player Mac Miller. [/ir]
[4 Junho 23:17:21] Yuri Braga foi até o player Mac Miller. [/ir]
[4 Junho 23:29:26] Yuri Braga foi até o player Mac Miller. [/ir]
[4 Junho 23:31:8] Yuri Braga foi até o player Mac Miller. [/ir]
