[23 Maio 13:43:5] Yuri Braga setou o colete de Yuri Braga. [/setarcolete]
[23 Maio 13:49:54] Yuri Braga setou a vida de Yuri Braga. [/setarvida]
[23 Maio 13:51:37] Yuri Braga setou a vida de Chris Kyle. [/setarvida]
[23 Maio 13:51:42] Yuri Braga setou a vida de Chris Kyle. [/setarvida]
[23 Maio 13:51:47] Yuri Braga setou o colete de Chris Kyle. [/setarcolete]
[23 Maio 13:54:28] Yuri Braga setou o colete de Yuri Braga. [/setarcolete]
[23 Maio 14:7:24] Yuri Braga entrou no veículo 22. [/entrarveiculo]
[23 Maio 14:17:12] Yuri Braga foi até o player Chris Kyle. [/ir]
[23 Maio 14:17:32] Yuri Braga foi até o player Chris Kyle. [/ir]
[23 Maio 14:18:40] Yuri Braga puxou o jogador Chris Kyle. [/trazer]
[23 Maio 14:18:45] Yuri Braga puxou o jogador Chris Kyle. [/trazer]
[23 Maio 14:19:3] Yuri Braga puxou o jogador Chris Kyle. [/trazer]
[23 Maio 14:19:7] Yuri Braga puxou o jogador Chris Kyle. [/trazer]
[23 Maio 14:19:14] Yuri Braga puxou o jogador Chris Kyle. [/trazer]
[23 Maio 14:19:17] Yuri Braga puxou o jogador Chris Kyle. [/trazer]
[23 Maio 14:49:12] Yuri Braga setou o colete de Yuri Braga. [/setarcolete]
[23 Maio 14:54:2] Yuri Braga foi até o player Yuri Braga. [/ir]
[23 Maio 14:54:3] Yuri Braga foi até o player Chris Kyle. [/ir]
[23 Maio 15:10:4] Yuri Braga setou o colete de Yuri Braga. [/setarcolete]
[23 Maio 15:10:7] Yuri Braga setou a vida de Yuri Braga. [/setarvida]
[23 Maio 15:15:58] Yuri Braga puxou o jogador Chris Kyle. [/trazer]
[23 Maio 15:26:27] Yuri Braga setou o colete de Yuri Braga. [/setarcolete]
[23 Maio 15:26:30] Yuri Braga setou a vida de Yuri Braga. [/setarvida]
[23 Maio 15:28:6] Yuri Braga foi até o player Chris Kyle. [/ir]
